<?xml version="1.0" encoding="UTF-8" ?>
<testsuite tests="9" failures="0" name="yuanjieyue.ast4.ExpressionFactoryTest" time="0" errors="0" skipped="0">
  <properties>
    <property name="java.runtime.name" value="Java(TM) SE Runtime Environment"/>
    <property name="sun.boot.library.path" value="E:\Program Files\Java8\jdk1.8.0_151\jre\bin"/>
    <property name="java.vm.version" value="25.151-b12"/>
    <property name="java.vm.vendor" value="Oracle Corporation"/>
    <property name="maven.multiModuleProjectDirectory" value="F:/courses/cs5500_manage_software_development/Student-418-SP19/homework_4/homework4"/>
    <property name="java.vendor.url" value="http://java.oracle.com/"/>
    <property name="path.separator" value=";"/>
    <property name="guice.disable.misplaced.annotation.check" value="true"/>
    <property name="java.vm.name" value="Java HotSpot(TM) 64-Bit Server VM"/>
    <property name="file.encoding.pkg" value="sun.io"/>
    <property name="user.script" value=""/>
    <property name="user.country" value="CN"/>
    <property name="sun.java.launcher" value="SUN_STANDARD"/>
    <property name="sun.os.patch.level" value=""/>
    <property name="java.vm.specification.name" value="Java Virtual Machine Specification"/>
    <property name="user.dir" value="F:\courses\cs5500_manage_software_development\Student-418-SP19\homework_4\homework4"/>
    <property name="java.runtime.version" value="1.8.0_151-b12"/>
    <property name="java.awt.graphicsenv" value="sun.awt.Win32GraphicsEnvironment"/>
    <property name="java.endorsed.dirs" value="E:\Program Files\Java8\jdk1.8.0_151\jre\lib\endorsed"/>
    <property name="os.arch" value="amd64"/>
    <property name="java.io.tmpdir" value="C:\Users\ADMINI~1\AppData\Local\Temp\"/>
    <property name="line.separator" value="
"/>
    <property name="java.vm.specification.vendor" value="Oracle Corporation"/>
    <property name="user.variant" value=""/>
    <property name="os.name" value="Windows 10"/>
    <property name="classworlds.conf" value="E:/Program Files/apache-maven-3.6.0/bin/m2.conf"/>
    <property name="sun.jnu.encoding" value="GBK"/>
    <property name="java.library.path" value="E:\Program Files\Java8\jdk1.8.0_151\bin;C:\WINDOWS\Sun\Java\bin;C:\WINDOWS\system32;C:\WINDOWS;C:\Users\Administrator\bin;E:\Program Files\Git\mingw64\bin;E:\Program Files\Git\usr\local\bin;E:\Program Files\Git\usr\bin;E:\Program Files\Git\usr\bin;E:\Program Files\Git\mingw64\bin;E:\Program Files\Git\usr\bin;C:\Users\Administrator\bin;E:\Program Files\apache-maven-3.6.0\bin;E:\Program Files\Java8\jdk1.8.0_151\bin;E:\Program Files\Java8\jdk1.8.0_151\jre\bin;C:\WINDOWS\system32;C:\WINDOWS;C:\WINDOWS\System32\Wbem;C:\WINDOWS\System32\WindowsPowerShell\v1.0;E:\Program Files\nodejs;E:\Program Files\Git\cmd;C:\WINDOWS\System32\OpenSSH;C:\Program Files (x86)\PharosSystems\Core;E:\Program Files\Oracle\VirtualBox;E:\Program Files\Go\bin;E:\MinGW\bin;C:\Users\Administrator\AppData\Local\Microsoft\WindowsApps;E:\Program Files\apache-maven-3.5.2\bin;C:\Users\Administrator\AppData\Roaming\npm;E:\Program Files\WinNMP\bin;C:\Users\Administrator\AppData\Local\GitHubDesktop\bin;%USERPROFILE%\AppData\Local\Microsoft\WindowsApps;E:\Program Files\Git\usr\bin\vendor_perl;E:\Program Files\Git\usr\bin\core_perl;."/>
    <property name="maven.conf" value="E:/Program Files/apache-maven-3.6.0/conf"/>
    <property name="java.specification.name" value="Java Platform API Specification"/>
    <property name="java.class.version" value="52.0"/>
    <property name="sun.management.compiler" value="HotSpot 64-Bit Tiered Compilers"/>
    <property name="os.version" value="10.0"/>
    <property name="library.jansi.path" value="E:/Program Files/apache-maven-3.6.0/lib/jansi-native"/>
    <property name="user.home" value="C:\Users\Administrator"/>
    <property name="user.timezone" value="America/Los_Angeles"/>
    <property name="java.awt.printerjob" value="sun.awt.windows.WPrinterJob"/>
    <property name="java.specification.version" value="1.8"/>
    <property name="file.encoding" value="GBK"/>
    <property name="user.name" value="Administrator"/>
    <property name="java.class.path" value="E:/Program Files/apache-maven-3.6.0/boot/plexus-classworlds-2.5.2.jar"/>
    <property name="java.vm.specification.version" value="1.8"/>
    <property name="sun.arch.data.model" value="64"/>
    <property name="java.home" value="E:\Program Files\Java8\jdk1.8.0_151\jre"/>
    <property name="sun.java.command" value="org.codehaus.plexus.classworlds.launcher.Launcher package"/>
    <property name="java.specification.vendor" value="Oracle Corporation"/>
    <property name="user.language" value="zh"/>
    <property name="awt.toolkit" value="sun.awt.windows.WToolkit"/>
    <property name="java.vm.info" value="mixed mode"/>
    <property name="java.version" value="1.8.0_151"/>
    <property name="java.ext.dirs" value="E:\Program Files\Java8\jdk1.8.0_151\jre\lib\ext;C:\WINDOWS\Sun\Java\lib\ext"/>
    <property name="sun.boot.class.path" value="E:\Program Files\Java8\jdk1.8.0_151\jre\lib\resources.jar;E:\Program Files\Java8\jdk1.8.0_151\jre\lib\rt.jar;E:\Program Files\Java8\jdk1.8.0_151\jre\lib\sunrsasign.jar;E:\Program Files\Java8\jdk1.8.0_151\jre\lib\jsse.jar;E:\Program Files\Java8\jdk1.8.0_151\jre\lib\jce.jar;E:\Program Files\Java8\jdk1.8.0_151\jre\lib\charsets.jar;E:\Program Files\Java8\jdk1.8.0_151\jre\lib\jfr.jar;E:\Program Files\Java8\jdk1.8.0_151\jre\classes"/>
    <property name="java.vendor" value="Oracle Corporation"/>
    <property name="maven.home" value="E:\Program Files\apache-maven-3.6.0"/>
    <property name="file.separator" value="\"/>
    <property name="java.vendor.url.bug" value="http://bugreport.sun.com/bugreport/"/>
    <property name="sun.cpu.endian" value="little"/>
    <property name="sun.io.unicode.encoding" value="UnicodeLittle"/>
    <property name="sun.desktop" value="windows"/>
    <property name="sun.cpu.isalist" value="amd64"/>
  </properties>
  <testcase classname="yuanjieyue.ast4.ExpressionFactoryTest" name="createNode" time="0"/>
  <testcase classname="yuanjieyue.ast4.ExpressionFactoryTest" name="createNode2" time="0"/>
  <testcase classname="yuanjieyue.ast4.ExpressionFactoryTest" name="createNode4" time="0"/>
  <testcase classname="yuanjieyue.ast4.ExpressionFactoryTest" name="createNode3" time="0"/>
  <testcase classname="yuanjieyue.ast4.ExpressionFactoryTest" name="createNode6" time="0"/>
  <testcase classname="yuanjieyue.ast4.ExpressionFactoryTest" name="createNode7" time="0"/>
  <testcase classname="yuanjieyue.ast4.ExpressionFactoryTest" name="createNode8" time="0"/>
  <testcase classname="yuanjieyue.ast4.ExpressionFactoryTest" name="createNode1" time="0"/>
  <testcase classname="yuanjieyue.ast4.ExpressionFactoryTest" name="createNode5" time="0"/>
</testsuite>